C51 COMPILER V9.54   DS18B20                                                               12/29/2025 13:59:43 PAGE 1   


C51 COMPILER V9.54, COMPILATION OF MODULE DS18B20
OBJECT MODULE PLACED IN .\Objects\DS18B20.obj
COMPILER INVOKED BY: D:\IC_and_FPGA\MCU\stm32\Program\C51\BIN\C51.EXE ..\Codes\DS18B20.c OPTIMIZE(8,SPEED) BROWSE DEBUG 
                    -OBJECTEXTEND PRINT(.\Listings\DS18B20.lst) OBJECT(.\Objects\DS18B20.obj)

line level    source

   1          #include <REGX52.H>
   2          #include "OneWire.h"
   3          
   4          //DS18B20指令
   5          #define DS18B20_SKIP_ROM                        0xCC
   6          #define DS18B20_CONVERT_T                       0x44
   7          #define DS18B20_READ_SCRATCHPAD         0xBE
   8          
   9          /**
  10            * @brief  DS18B20开始温度变换
  11            * @param  无
  12            * @retval 无
  13            */
  14          void DS18B20_ConvertT(void)
  15          {
  16   1              unsigned char ea = EA;  // 备份全局中断使能
  17   1              EA = 0;                 // 关闭中断以保护单总线时序
  18   1              OneWire_Init();
  19   1              OneWire_SendByte(DS18B20_SKIP_ROM);
  20   1              OneWire_SendByte(DS18B20_CONVERT_T);
  21   1              EA = ea;                // 恢复原中断状态（转换过程可在后台进行）
  22   1      }
  23          
  24          /**
  25            * @brief  DS18B20读取温度
  26            * @param  无
  27            * @retval 温度数值
  28            */
  29          float DS18B20_ReadT(void)
  30          {
  31   1              unsigned char TLSB,TMSB;
  32   1              int Temp;
  33   1              float T;
  34   1              {
  35   2                      unsigned char ea = EA;  // 备份并关闭中断，保证读取窗口不被打断
  36   2                      EA = 0;
  37   2                      OneWire_Init();
  38   2                      OneWire_SendByte(DS18B20_SKIP_ROM);
  39   2                      OneWire_SendByte(DS18B20_READ_SCRATCHPAD);
  40   2                      TLSB=OneWire_ReceiveByte();
  41   2                      TMSB=OneWire_ReceiveByte();
  42   2                      EA = ea;              // 读取完成，恢复中断
  43   2              }
  44   1              Temp=(TMSB<<8)|TLSB;
  45   1              T=Temp/16.0;
  46   1              return T;
  47   1      }


MODULE INFORMATION:   STATIC OVERLAYABLE
   CODE SIZE        =     86    ----
   CONSTANT SIZE    =   ----    ----
   XDATA SIZE       =   ----    ----
   PDATA SIZE       =   ----    ----
C51 COMPILER V9.54   DS18B20                                                               12/29/2025 13:59:43 PAGE 2   

   DATA SIZE        =   ----       3
   IDATA SIZE       =   ----    ----
   BIT SIZE         =   ----    ----
END OF MODULE INFORMATION.


C51 COMPILATION COMPLETE.  0 WARNING(S),  0 ERROR(S)
